[01m[K/home/prox/motion_ws/src/motion_controller/src/motion_control.cpp:[m[K In member function â€˜[01m[Kvoid Controller::startControlLoop()[m[Kâ€™:
[01m[K/home/prox/motion_ws/src/motion_controller/src/motion_control.cpp:605:9:[m[K [01;31m[Kerror: [m[Kâ€˜[01m[Kupdate_wheel_velocities[m[Kâ€™ was not declared in this scope
  605 |         [01;31m[Kupdate_wheel_velocities[m[K(Vx_ref,Vy_ref,w_ref);
      |         [01;31m[K^~~~~~~~~~~~~~~~~~~~~~~[m[K
make[2]: *** [CMakeFiles/motion_control_start.dir/build.make:63: CMakeFiles/motion_control_start.dir/src/motion_control.cpp.o] Error 1
make[1]: *** [CMakeFiles/Makefile2:196: CMakeFiles/motion_control_start.dir/all] Error 2
make: *** [Makefile:141: all] Error 2
