[01m[K/home/prox/motion_ws/src/motion_controller/src/motion_control.cpp:[m[K In member function â€˜[01m[Kstd::vector<Eigen::Matrix<double, 3, 1> > Controller::interpolateVelocities(const std::vector<double>&)[m[Kâ€™:
[01m[K/home/prox/motion_ws/src/motion_controller/src/motion_control.cpp:501:9:[m[K [01;31m[Kerror: [m[Kâ€˜[01m[Kpredicted_x[m[Kâ€™ was not declared in this scope; did you mean â€˜[01m[Kpredicted_u[m[Kâ€™?
  501 |     if ([01;31m[Kpredicted_x[m[K.empty() || predicted_u.size() < 3)
      |         [01;31m[K^~~~~~~~~~~[m[K
      |         [32m[Kpredicted_u[m[K
make[2]: *** [CMakeFiles/motion_control_start.dir/build.make:63: CMakeFiles/motion_control_start.dir/src/motion_control.cpp.o] Error 1
make[1]: *** [CMakeFiles/Makefile2:196: CMakeFiles/motion_control_start.dir/all] Error 2
make: *** [Makefile:141: all] Error 2
