[01m[K/home/prox/motion_ws/src/motion_controller/src/motion_control.cpp:512:6:[m[K [01;31m[Kerror: [m[Kno declaration matches â€˜[01m[Kvoid Controller::visualizePredictedTrajectory(const std::vector<double>&)[m[Kâ€™
  512 | void [01;31m[KController[m[K::visualizePredictedTrajectory(const std::vector<double>& predicted_x) {
      |      [01;31m[K^~~~~~~~~~[m[K
[01m[K/home/prox/motion_ws/src/motion_controller/src/motion_control.cpp:512:6:[m[K [01;36m[Knote: [m[Kno functions named â€˜[01m[Kvoid Controller::visualizePredictedTrajectory(const std::vector<double>&)[m[Kâ€™
In file included from [01m[K/home/prox/motion_ws/src/motion_controller/src/motion_control.cpp:1[m[K:
[01m[K/home/prox/motion_ws/src/motion_controller/include/motion_controller/motion_control.h:82:7:[m[K [01;36m[Knote: [m[Kâ€˜[01m[Kclass Controller[m[Kâ€™ defined here
   82 | class [01;36m[KController[m[K
      |       [01;36m[K^~~~~~~~~~[m[K
[01m[K/home/prox/motion_ws/src/motion_controller/src/motion_control.cpp:[m[K In member function â€˜[01m[Kvoid Controller::startControlLoop()[m[Kâ€™:
[01m[K/home/prox/motion_ws/src/motion_controller/src/motion_control.cpp:630:17:[m[K [01;31m[Kerror: [m[Kâ€˜[01m[KvisualizePredictedTrajectory[m[Kâ€™ was not declared in this scope
  630 |                 [01;31m[KvisualizePredictedTrajectory[m[K(predicted_x);
      |                 [01;31m[K^~~~~~~~~~~~~~~~~~~~~~~~~~~~[m[K
make[2]: *** [CMakeFiles/motion_control_start.dir/build.make:63: CMakeFiles/motion_control_start.dir/src/motion_control.cpp.o] Error 1
make[1]: *** [CMakeFiles/Makefile2:196: CMakeFiles/motion_control_start.dir/all] Error 2
make: *** [Makefile:141: all] Error 2
