[01m[K/home/prox/motion_ws/src/motion_controller/src/motion_control.cpp:[m[K In constructor â€˜[01m[KController::Controller()[m[Kâ€™:
[01m[K/home/prox/motion_ws/src/motion_controller/src/motion_control.cpp:276:22:[m[K [01;31m[Kerror: [m[Kno matching function for call to â€˜[01m[KController::readWaypoints(std::string&, std::vector<double>&, std::vector<double>&, std::vector<double>&)[m[Kâ€™
  276 |     if ([01;31m[KreadWaypoints(waypoints, p_x, p_y, theta)[m[K)
      |         [01;31m[K~~~~~~~~~~~~~^~~~~~~~~~~~~~~~~~~~~~~~~~~~[m[K
In file included from [01m[K/home/prox/motion_ws/src/motion_controller/src/motion_control.cpp:1[m[K:
[01m[K/home/prox/motion_ws/src/motion_controller/include/motion_controller/motion_control.h:101:10:[m[K [01;36m[Knote: [m[Kcandidate: â€˜[01m[Kbool Controller::readWaypoints(const string&, std::vector<Point>)[m[Kâ€™
  101 |     bool [01;36m[KreadWaypoints[m[K(const std::string &filePath, std::vector<Point> waypoints);
      |          [01;36m[K^~~~~~~~~~~~~[m[K
[01m[K/home/prox/motion_ws/src/motion_controller/include/motion_controller/motion_control.h:101:10:[m[K [01;36m[Knote: [m[K  candidate expects 2 arguments, 4 provided
make[2]: *** [CMakeFiles/motion_control_start.dir/build.make:63: CMakeFiles/motion_control_start.dir/src/motion_control.cpp.o] Error 1
make[1]: *** [CMakeFiles/Makefile2:196: CMakeFiles/motion_control_start.dir/all] Error 2
make: *** [Makefile:141: all] Error 2
