[01m[K/home/prox/motion_ws/src/motion_controller/src/motion_control.cpp:4:1:[m[K [01;31m[Kerror: [m[Kno declaration matches â€˜[01m[KMPC::MPC(int, float, float, float, float)[m[Kâ€™
    4 | [01;31m[KMPC[m[K::MPC(int N,float dt,float u_max_x, float u_max_y, float w_max) : N_(N), dt_(dt), u_max_x_(u_max_x), u_max_y_(u_max_y), w_max_(w_max)
      | [01;31m[K^~~[m[K
In file included from [01m[K/home/prox/motion_ws/src/motion_controller/src/motion_control.cpp:1[m[K:
[01m[K/home/prox/motion_ws/src/motion_controller/include/motion_controller/motion_control.h:39:7:[m[K [01;36m[Knote: [m[Kcandidates are: â€˜[01m[KMPC::MPC(const MPC&)[m[Kâ€™
   39 | class [01;36m[KMPC[m[K
      |       [01;36m[K^~~[m[K
[01m[K/home/prox/motion_ws/src/motion_controller/include/motion_controller/motion_control.h:42:5:[m[K [01;36m[Knote: [m[K                â€˜[01m[KMPC::MPC()[m[Kâ€™
   42 |     [01;36m[KMPC[m[K();
      |     [01;36m[K^~~[m[K
[01m[K/home/prox/motion_ws/src/motion_controller/include/motion_controller/motion_control.h:39:7:[m[K [01;36m[Knote: [m[Kâ€˜[01m[Kclass MPC[m[Kâ€™ defined here
   39 | class [01;36m[KMPC[m[K
      |       [01;36m[K^~~[m[K
[01m[K/home/prox/motion_ws/src/motion_controller/src/motion_control.cpp:238:6:[m[K [01;31m[Kerror: [m[Kno declaration matches â€˜[01m[Kvoid MPC::setHorizon(int)[m[Kâ€™
  238 | void [01;31m[KMPC[m[K::setHorizon(int N)
      |      [01;31m[K^~~[m[K
[01m[K/home/prox/motion_ws/src/motion_controller/src/motion_control.cpp:238:6:[m[K [01;36m[Knote: [m[Kno functions named â€˜[01m[Kvoid MPC::setHorizon(int)[m[Kâ€™
In file included from [01m[K/home/prox/motion_ws/src/motion_controller/src/motion_control.cpp:1[m[K:
[01m[K/home/prox/motion_ws/src/motion_controller/include/motion_controller/motion_control.h:39:7:[m[K [01;36m[Knote: [m[Kâ€˜[01m[Kclass MPC[m[Kâ€™ defined here
   39 | class [01;36m[KMPC[m[K
      |       [01;36m[K^~~[m[K
[01m[K/home/prox/motion_ws/src/motion_controller/src/motion_control.cpp:242:6:[m[K [01;31m[Kerror: [m[Kno declaration matches â€˜[01m[Kvoid MPC::setLimits(float, float, float)[m[Kâ€™
  242 | void [01;31m[KMPC[m[K::setLimits(float u_max_x, float u_max_y, float w_max)
      |      [01;31m[K^~~[m[K
[01m[K/home/prox/motion_ws/src/motion_controller/src/motion_control.cpp:242:6:[m[K [01;36m[Knote: [m[Kno functions named â€˜[01m[Kvoid MPC::setLimits(float, float, float)[m[Kâ€™
In file included from [01m[K/home/prox/motion_ws/src/motion_controller/src/motion_control.cpp:1[m[K:
[01m[K/home/prox/motion_ws/src/motion_controller/include/motion_controller/motion_control.h:39:7:[m[K [01;36m[Knote: [m[Kâ€˜[01m[Kclass MPC[m[Kâ€™ defined here
   39 | class [01;36m[KMPC[m[K
      |       [01;36m[K^~~[m[K
[01m[K/home/prox/motion_ws/src/motion_controller/src/motion_control.cpp:[m[K In constructor â€˜[01m[KController::Controller()[m[Kâ€™:
[01m[K/home/prox/motion_ws/src/motion_controller/src/motion_control.cpp:280:48:[m[K [01;31m[Kerror: [m[Kâ€˜[01m[KMPC_PredHorizon[m[Kâ€™ was not declared in this scope
  280 |     trajectory_planner = std::make_unique<MPC>([01;31m[KMPC_PredHorizon[m[K, MPC_dt, u_max_x, u_max_y, w_max);
      |                                                [01;31m[K^~~~~~~~~~~~~~~[m[K
[01m[K/home/prox/motion_ws/src/motion_controller/src/motion_control.cpp:[m[K In member function â€˜[01m[Kvoid Controller::startControlLoop()[m[Kâ€™:
[01m[K/home/prox/motion_ws/src/motion_controller/src/motion_control.cpp:352:30:[m[K [01;31m[Kerror: [m[Kâ€˜[01m[Kdt[m[Kâ€™ was not declared in this scope
  352 |     PID PID_Vx(1, 0.1, 0.05, [01;31m[Kdt[m[K, 2);
      |                              [01;31m[K^~[m[K
make[2]: *** [CMakeFiles/motion_control_start.dir/build.make:63: CMakeFiles/motion_control_start.dir/src/motion_control.cpp.o] Error 1
make[1]: *** [CMakeFiles/Makefile2:196: CMakeFiles/motion_control_start.dir/all] Error 2
make: *** [Makefile:141: all] Error 2
