[01m[K/home/prox/motion_ws/src/motion_controller/src/motion_control.cpp:436:6:[m[K [01;31m[Kerror: [m[Kno declaration matches â€˜[01m[Kbool Controller::readWaypoints(const string&, std::vector<Point>&)[m[Kâ€™
  436 | bool [01;31m[KController[m[K::readWaypoints(const std::string &filePath, std::vector<Point> &waypoints)
      |      [01;31m[K^~~~~~~~~~[m[K
In file included from [01m[K/home/prox/motion_ws/src/motion_controller/src/motion_control.cpp:1[m[K:
[01m[K/home/prox/motion_ws/src/motion_controller/include/motion_controller/motion_control.h:104:10:[m[K [01;36m[Knote: [m[Kcandidate is: â€˜[01m[Kbool Controller::readWaypoints(const string&, std::vector<Point>)[m[Kâ€™
  104 |     bool [01;36m[KreadWaypoints[m[K(const std::string &filePath, std::vector<Point> waypoints);
      |          [01;36m[K^~~~~~~~~~~~~[m[K
[01m[K/home/prox/motion_ws/src/motion_controller/include/motion_controller/motion_control.h:81:7:[m[K [01;36m[Knote: [m[Kâ€˜[01m[Kclass Controller[m[Kâ€™ defined here
   81 | class [01;36m[KController[m[K
      |       [01;36m[K^~~~~~~~~~[m[K
make[2]: *** [CMakeFiles/motion_control_start.dir/build.make:63: CMakeFiles/motion_control_start.dir/src/motion_control.cpp.o] Error 1
make[1]: *** [CMakeFiles/Makefile2:196: CMakeFiles/motion_control_start.dir/all] Error 2
make: *** [Makefile:141: all] Error 2
