[  0%] Built target rosgraph_msgs_generate_messages_py
[  0%] Built target rosgraph_msgs_generate_messages_cpp
[  0%] Built target std_msgs_generate_messages_lisp
[  0%] Built target roscpp_generate_messages_eus
[  0%] Built target std_msgs_generate_messages_nodejs
[  0%] Built target rosgraph_msgs_generate_messages_eus
[  0%] Built target roscpp_generate_messages_cpp
[  0%] Built target std_msgs_generate_messages_eus
[  0%] Built target roscpp_generate_messages_py
[  0%] Built target rosgraph_msgs_generate_messages_lisp
[  0%] Built target roscpp_generate_messages_lisp
[  0%] Built target base_control_generate_messages_cpp
[  0%] Built target std_msgs_generate_messages_cpp
[  0%] Built target base_control_generate_messages_py
[  0%] Built target rosgraph_msgs_generate_messages_nodejs
[  0%] Built target roscpp_generate_messages_nodejs
[  0%] Built target std_msgs_generate_messages_py
[  0%] Built target base_control_generate_messages_eus
[  0%] Built target base_control_generate_messages_nodejs
[  0%] Built target base_control_generate_messages_lisp
[  0%] Built target motion_control_generate_messages_lisp
[  0%] Built target motion_control_generate_messages_nodejs
[  0%] Built target motion_control_generate_messages_cpp
[  0%] Built target motion_control_generate_messages_py
[ 33%] Built target motion_control_generate_messages_eus
[35m[1mScanning dependencies of target motion_control_start[0m
[ 33%] Built target motion_control_generate_messages
[ 66%] [32mBuilding CXX object CMakeFiles/motion_control_start.dir/src/motion_control.cpp.o[0m
[01m[K/home/prox/motion_ws/src/motion_controller/src/motion_control.cpp:[m[K In member function â€˜[01m[Kvoid Controller::startControlLoop()[m[Kâ€™:
[01m[K/home/prox/motion_ws/src/motion_controller/src/motion_control.cpp:679:28:[m[K [01;31m[Kerror: [m[Kexpected primary-expression before â€˜[01m[K<<[m[Kâ€™ token
  679 |     std::cout << std::endl;[01;31m[K<<[m[K GREEN_TEXT << "Motion control has started!" << RESET_COLOR << std::endl;
      |                            [01;31m[K^~[m[K
make[2]: *** [CMakeFiles/motion_control_start.dir/build.make:63: CMakeFiles/motion_control_start.dir/src/motion_control.cpp.o] Error 1
make[1]: *** [CMakeFiles/Makefile2:196: CMakeFiles/motion_control_start.dir/all] Error 2
make: *** [Makefile:141: all] Error 2
